# JRE version: OpenJDK Runtime Environment (8.0_212-b04) (build 1.8.0_212-release-1586-b04)
# Java VM: OpenJDK 64-Bit Server VM (25.212-b04 mixed mode windows-amd64 compressed oops)
Heap:
 PSYoungGen      total 246272K, used 130414K [0x00000000e0000000, 0x00000000f7600000, 0x0000000100000000)
  eden space 216064K, 60% used [0x00000000e0000000,0x00000000e7f5bb10,0x00000000ed300000)
  from space 30208K, 0% used [0x00000000f0700000,0x00000000f0700000,0x00000000f2480000)
  to   space 53248K, 0% used [0x00000000ed300000,0x00000000ed300000,0x00000000f0700000)
 ParOldGen       total 159744K, used 62909K [0x00000000a0000000, 0x00000000a9c00000, 0x00000000e0000000)
  object space 159744K, 39% used [0x00000000a0000000,0x00000000a3d6f638,0x00000000a9c00000)
 Metaspace       used 95135K, capacity 99274K, committed 99712K, reserved 1138688K
  class space    used 12351K, capacity 13257K, committed 13440K, reserved 1048576K
GC Heap History (10 events):
Event: 26.103 GC heap before
{Heap before GC invocations=16 (full 3):
 PSYoungGen      total 209920K, used 209891K [0x00000000e0000000, 0x00000000eea00000, 0x0000000100000000)
  eden space 187392K, 100% used [0x00000000e0000000,0x00000000eb700000,0x00000000eb700000)
  from space 22528K, 99% used [0x00000000ed000000,0x00000000ee5f8c58,0x00000000ee600000)
  to   space 25600K, 0% used [0x00000000eb700000,0x00000000eb700000,0x00000000ed000000)
 ParOldGen       total 159744K, used 32179K [0x00000000a0000000, 0x00000000a9c00000, 0x00000000e0000000)
  object space 159744K, 20% used [0x00000000a0000000,0x00000000a1f6cd60,0x00000000a9c00000)
 Metaspace       used 68302K, capacity 70876K, committed 71040K, reserved 1110016K
  class space    used 9203K, capacity 9745K, committed 9856K, reserved 1048576K
Event: 26.172 GC heap after
Heap after GC invocations=16 (full 3):
 PSYoungGen      total 212992K, used 25594K [0x00000000e0000000, 0x00000000f2480000, 0x0000000100000000)
  eden space 187392K, 0% used [0x00000000e0000000,0x00000000e0000000,0x00000000eb700000)
  from space 25600K, 99% used [0x00000000eb700000,0x00000000ecffeb78,0x00000000ed000000)
  to   space 30208K, 0% used [0x00000000f0700000,0x00000000f0700000,0x00000000f2480000)
 ParOldGen       total 159744K, used 34667K [0x00000000a0000000, 0x00000000a9c00000, 0x00000000e0000000)
  object space 159744K, 21% used [0x00000000a0000000,0x00000000a21dae40,0x00000000a9c00000)
 Metaspace       used 68302K, capacity 70876K, committed 71040K, reserved 1110016K
  class space    used 9203K, capacity 9745K, committed 9856K, reserved 1048576K
}
Event: 977.252 GC heap before
{Heap before GC invocations=17 (full 3):
 PSYoungGen      total 212992K, used 212986K [0x00000000e0000000, 0x00000000f2480000, 0x0000000100000000)
  eden space 187392K, 100% used [0x00000000e0000000,0x00000000eb700000,0x00000000eb700000)
  from space 25600K, 99% used [0x00000000eb700000,0x00000000ecffeb78,0x00000000ed000000)
  to   space 30208K, 0% used [0x00000000f0700000,0x00000000f0700000,0x00000000f2480000)
 ParOldGen       total 159744K, used 34667K [0x00000000a0000000, 0x00000000a9c00000, 0x00000000e0000000)
  object space 159744K, 21% used [0x00000000a0000000,0x00000000a21dae40,0x00000000a9c00000)
 Metaspace       used 75550K, capacity 78720K, committed 79104K, reserved 1118208K
  class space    used 9906K, capacity 10630K, committed 10752K, reserved 1048576K
Event: 977.329 GC heap after
Heap after GC invocations=17 (full 3):
 PSYoungGen      total 259072K, used 30201K [0x00000000e0000000, 0x00000000f3080000, 0x0000000100000000)
  eden space 228864K, 0% used [0x00000000e0000000,0x00000000e0000000,0x00000000edf80000)
  from space 30208K, 99% used [0x00000000f0700000,0x00000000f247e550,0x00000000f2480000)
  to   space 40448K, 0% used [0x00000000edf80000,0x00000000edf80000,0x00000000f0700000)
 ParOldGen       total 159744K, used 49559K [0x00000000a0000000, 0x00000000a9c00000, 0x00000000e0000000)
  object space 159744K, 31% used [0x00000000a0000000,0x00000000a3065fe0,0x00000000a9c00000)
 Metaspace       used 75550K, capacity 78720K, committed 79104K, reserved 1118208K
  class space    used 9906K, capacity 10630K, committed 10752K, reserved 1048576K
}
Event: 988.284 GC heap before
{Heap before GC invocations=18 (full 3):
 PSYoungGen      total 259072K, used 259065K [0x00000000e0000000, 0x00000000f3080000, 0x0000000100000000)
  eden space 228864K, 100% used [0x00000000e0000000,0x00000000edf80000,0x00000000edf80000)
  from space 30208K, 99% used [0x00000000f0700000,0x00000000f247e550,0x00000000f2480000)
  to   space 40448K, 0% used [0x00000000edf80000,0x00000000edf80000,0x00000000f0700000)
 ParOldGen       total 159744K, used 49559K [0x00000000a0000000, 0x00000000a9c00000, 0x00000000e0000000)
  object space 159744K, 31% used [0x00000000a0000000,0x00000000a3065fe0,0x00000000a9c00000)
 Metaspace       used 89013K, capacity 92590K, committed 92800K, reserved 1130496K
  class space    used 11605K, capacity 12397K, committed 12416K, reserved 1048576K
Event: 988.566 GC heap after
Heap after GC invocations=18 (full 3):
 PSYoungGen      total 269312K, used 40447K [0x00000000e0000000, 0x00000000f3080000, 0x0000000100000000)
  eden space 228864K, 0% used [0x00000000e0000000,0x00000000e0000000,0x00000000edf80000)
  from space 40448K, 99% used [0x00000000edf80000,0x00000000f06fff80,0x00000000f0700000)
  to   space 30208K, 0% used [0x00000000f0700000,0x00000000f0700000,0x00000000f2480000)
 ParOldGen       total 159744K, used 60619K [0x00000000a0000000, 0x00000000a9c00000, 0x00000000e0000000)
  object space 159744K, 37% used [0x00000000a0000000,0x00000000a3b32fc0,0x00000000a9c00000)
 Metaspace       used 89013K, capacity 92590K, committed 92800K, reserved 1130496K
  class space    used 11605K, capacity 12397K, committed 12416K, reserved 1048576K
}
Event: 1112.275 GC heap before
{Heap before GC invocations=19 (full 3):
 PSYoungGen      total 269312K, used 210073K [0x00000000e0000000, 0x00000000f3080000, 0x0000000100000000)
  eden space 228864K, 74% used [0x00000000e0000000,0x00000000ea5a6850,0x00000000edf80000)
  from space 40448K, 99% used [0x00000000edf80000,0x00000000f06fff80,0x00000000f0700000)
  to   space 30208K, 0% used [0x00000000f0700000,0x00000000f0700000,0x00000000f2480000)
 ParOldGen       total 159744K, used 60619K [0x00000000a0000000, 0x00000000a9c00000, 0x00000000e0000000)
  object space 159744K, 37% used [0x00000000a0000000,0x00000000a3b32fc0,0x00000000a9c00000)
 Metaspace       used 94129K, capacity 98476K, committed 98560K, reserved 1134592K
  class space    used 12284K, capacity 13232K, committed 13312K, reserved 1048576K
Event: 1112.335 GC heap after
Heap after GC invocations=19 (full 3):
 PSYoungGen      total 246272K, used 30205K [0x00000000e0000000, 0x00000000f7600000, 0x0000000100000000)
  eden space 216064K, 0% used [0x00000000e0000000,0x00000000e0000000,0x00000000ed300000)
  from space 30208K, 99% used [0x00000000f0700000,0x00000000f247f520,0x00000000f2480000)
  to   space 53248K, 0% used [0x00000000ed300000,0x00000000ed300000,0x00000000f0700000)
 ParOldGen       total 159744K, used 65667K [0x00000000a0000000, 0x00000000a9c00000, 0x00000000e0000000)
  object space 159744K, 41% used [0x00000000a0000000,0x00000000a4020d80,0x00000000a9c00000)
 Metaspace       used 94129K, capacity 98476K, committed 98560K, reserved 1134592K
  class space    used 12284K, capacity 13232K, committed 13312K, reserved 1048576K
}
Event: 1112.335 GC heap before
{Heap before GC invocations=20 (full 4):
 PSYoungGen      total 246272K, used 30205K [0x00000000e0000000, 0x00000000f7600000, 0x0000000100000000)
  eden space 216064K, 0% used [0x00000000e0000000,0x00000000e0000000,0x00000000ed300000)
  from space 30208K, 99% used [0x00000000f0700000,0x00000000f247f520,0x00000000f2480000)
  to   space 53248K, 0% used [0x00000000ed300000,0x00000000ed300000,0x00000000f0700000)
 ParOldGen       total 159744K, used 65667K [0x00000000a0000000, 0x00000000a9c00000, 0x00000000e0000000)
  object space 159744K, 41% used [0x00000000a0000000,0x00000000a4020d80,0x00000000a9c00000)
 Metaspace       used 94129K, capacity 98476K, committed 98560K, reserved 1134592K
  class space    used 12284K, capacity 13232K, committed 13312K, reserved 1048576K
Event: 1112.782 GC heap after
Heap after GC invocations=20 (full 4):
 PSYoungGen      total 246272K, used 0K [0x00000000e0000000, 0x00000000f7600000, 0x0000000100000000)
  eden space 216064K, 0% used [0x00000000e0000000,0x00000000e0000000,0x00000000ed300000)
  from space 30208K, 0% used [0x00000000f0700000,0x00000000f0700000,0x00000000f2480000)
  to   space 53248K, 0% used [0x00000000ed300000,0x00000000ed300000,0x00000000f0700000)
 ParOldGen       total 159744K, used 62909K [0x00000000a0000000, 0x00000000a9c00000, 0x00000000e0000000)
  object space 159744K, 39% used [0x00000000a0000000,0x00000000a3d6f638,0x00000000a9c00000)
 Metaspace       used 93908K, capacity 97904K, committed 98560K, reserved 1134592K
  class space    used 12207K, capacity 13098K, committed 13312K, reserved 1048576K
}

