# JRE version: OpenJDK Runtime Environment (8.0_212-b04) (build 1.8.0_212-release-1586-b04)
# Java VM: OpenJDK 64-Bit Server VM (25.212-b04 mixed mode windows-amd64 compressed oops)
Heap:
 PSYoungGen      total 192000K, used 89736K [0x00000000e0000000, 0x00000000ed680000, 0x0000000100000000)
  eden space 164352K, 44% used [0x00000000e0000000,0x00000000e470dbc0,0x00000000ea080000)
  from space 27648K, 61% used [0x00000000ebb00000,0x00000000ecb946f0,0x00000000ed600000)
  to   space 27136K, 0% used [0x00000000ea080000,0x00000000ea080000,0x00000000ebb00000)
 ParOldGen       total 210432K, used 49876K [0x00000000a0000000, 0x00000000acd80000, 0x00000000e0000000)
  object space 210432K, 23% used [0x00000000a0000000,0x00000000a30b5088,0x00000000acd80000)
 Metaspace       used 93452K, capacity 98220K, committed 98856K, reserved 1134592K
  class space    used 11995K, capacity 12877K, committed 13096K, reserved 1048576K
GC Heap History (10 events):
Event: 3242.382 GC heap before
{Heap before GC invocations=26 (full 3):
 PSYoungGen      total 200704K, used 195678K [0x00000000e0000000, 0x00000000ee580000, 0x0000000100000000)
  eden space 179712K, 100% used [0x00000000e0000000,0x00000000eaf80000,0x00000000eaf80000)
  from space 20992K, 76% used [0x00000000ed100000,0x00000000ee097aa8,0x00000000ee580000)
  to   space 27648K, 0% used [0x00000000eaf80000,0x00000000eaf80000,0x00000000eca80000)
 ParOldGen       total 134656K, used 58613K [0x00000000a0000000, 0x00000000a8380000, 0x00000000e0000000)
  object space 134656K, 43% used [0x00000000a0000000,0x00000000a393d668,0x00000000a8380000)
 Metaspace       used 91056K, capacity 95964K, committed 96296K, reserved 1132544K
  class space    used 11819K, capacity 12743K, committed 12840K, reserved 1048576K
Event: 3242.400 GC heap after
Heap after GC invocations=26 (full 3):
 PSYoungGen      total 185856K, used 11695K [0x00000000e0000000, 0x00000000ede00000, 0x0000000100000000)
  eden space 174080K, 0% used [0x00000000e0000000,0x00000000e0000000,0x00000000eaa00000)
  from space 11776K, 99% used [0x00000000eaf80000,0x00000000ebaebc80,0x00000000ebb00000)
  to   space 26624K, 0% used [0x00000000ec400000,0x00000000ec400000,0x00000000ede00000)
 ParOldGen       total 134656K, used 58621K [0x00000000a0000000, 0x00000000a8380000, 0x00000000e0000000)
  object space 134656K, 43% used [0x00000000a0000000,0x00000000a393f668,0x00000000a8380000)
 Metaspace       used 91056K, capacity 95964K, committed 96296K, reserved 1132544K
  class space    used 11819K, capacity 12743K, committed 12840K, reserved 1048576K
}
Event: 3394.987 GC heap before
{Heap before GC invocations=27 (full 3):
 PSYoungGen      total 185856K, used 185775K [0x00000000e0000000, 0x00000000ede00000, 0x0000000100000000)
  eden space 174080K, 100% used [0x00000000e0000000,0x00000000eaa00000,0x00000000eaa00000)
  from space 11776K, 99% used [0x00000000eaf80000,0x00000000ebaebc80,0x00000000ebb00000)
  to   space 26624K, 0% used [0x00000000ec400000,0x00000000ec400000,0x00000000ede00000)
 ParOldGen       total 134656K, used 58621K [0x00000000a0000000, 0x00000000a8380000, 0x00000000e0000000)
  object space 134656K, 43% used [0x00000000a0000000,0x00000000a393f668,0x00000000a8380000)
 Metaspace       used 91968K, capacity 96838K, committed 97064K, reserved 1134592K
  class space    used 11902K, capacity 12820K, committed 12840K, reserved 1048576K
Event: 3395.042 GC heap after
Heap after GC invocations=27 (full 3):
 PSYoungGen      total 194560K, used 23168K [0x00000000e0000000, 0x00000000edd00000, 0x0000000100000000)
  eden space 168960K, 0% used [0x00000000e0000000,0x00000000e0000000,0x00000000ea500000)
  from space 25600K, 90% used [0x00000000ec400000,0x00000000edaa0190,0x00000000edd00000)
  to   space 28672K, 0% used [0x00000000ea500000,0x00000000ea500000,0x00000000ec100000)
 ParOldGen       total 134656K, used 58629K [0x00000000a0000000, 0x00000000a8380000, 0x00000000e0000000)
  object space 134656K, 43% used [0x00000000a0000000,0x00000000a3941668,0x00000000a8380000)
 Metaspace       used 91968K, capacity 96838K, committed 97064K, reserved 1134592K
  class space    used 11902K, capacity 12820K, committed 12840K, reserved 1048576K
}
Event: 3430.403 GC heap before
{Heap before GC invocations=28 (full 3):
 PSYoungGen      total 194560K, used 137588K [0x00000000e0000000, 0x00000000edd00000, 0x0000000100000000)
  eden space 168960K, 67% used [0x00000000e0000000,0x00000000e6fbd138,0x00000000ea500000)
  from space 25600K, 90% used [0x00000000ec400000,0x00000000edaa0190,0x00000000edd00000)
  to   space 28672K, 0% used [0x00000000ea500000,0x00000000ea500000,0x00000000ec100000)
 ParOldGen       total 134656K, used 58629K [0x00000000a0000000, 0x00000000a8380000, 0x00000000e0000000)
  object space 134656K, 43% used [0x00000000a0000000,0x00000000a3941668,0x00000000a8380000)
 Metaspace       used 93535K, capacity 98444K, committed 98600K, reserved 1134592K
  class space    used 12045K, capacity 12971K, committed 13096K, reserved 1048576K
Event: 3430.420 GC heap after
Heap after GC invocations=28 (full 3):
 PSYoungGen      total 178688K, used 14505K [0x00000000e0000000, 0x00000000ed600000, 0x0000000100000000)
  eden space 163840K, 0% used [0x00000000e0000000,0x00000000e0000000,0x00000000ea000000)
  from space 14848K, 97% used [0x00000000ea500000,0x00000000eb32a4d0,0x00000000eb380000)
  to   space 27648K, 0% used [0x00000000ebb00000,0x00000000ebb00000,0x00000000ed600000)
 ParOldGen       total 134656K, used 58629K [0x00000000a0000000, 0x00000000a8380000, 0x00000000e0000000)
  object space 134656K, 43% used [0x00000000a0000000,0x00000000a3941668,0x00000000a8380000)
 Metaspace       used 93535K, capacity 98444K, committed 98600K, reserved 1134592K
  class space    used 12045K, capacity 12971K, committed 13096K, reserved 1048576K
}
Event: 3430.420 GC heap before
{Heap before GC invocations=29 (full 4):
 PSYoungGen      total 178688K, used 14505K [0x00000000e0000000, 0x00000000ed600000, 0x0000000100000000)
  eden space 163840K, 0% used [0x00000000e0000000,0x00000000e0000000,0x00000000ea000000)
  from space 14848K, 97% used [0x00000000ea500000,0x00000000eb32a4d0,0x00000000eb380000)
  to   space 27648K, 0% used [0x00000000ebb00000,0x00000000ebb00000,0x00000000ed600000)
 ParOldGen       total 134656K, used 58629K [0x00000000a0000000, 0x00000000a8380000, 0x00000000e0000000)
  object space 134656K, 43% used [0x00000000a0000000,0x00000000a3941668,0x00000000a8380000)
 Metaspace       used 93535K, capacity 98444K, committed 98600K, reserved 1134592K
  class space    used 12045K, capacity 12971K, committed 13096K, reserved 1048576K
Event: 3430.765 GC heap after
Heap after GC invocations=29 (full 4):
 PSYoungGen      total 178688K, used 0K [0x00000000e0000000, 0x00000000ed600000, 0x0000000100000000)
  eden space 163840K, 0% used [0x00000000e0000000,0x00000000e0000000,0x00000000ea000000)
  from space 14848K, 0% used [0x00000000ea500000,0x00000000ea500000,0x00000000eb380000)
  to   space 27648K, 0% used [0x00000000ebb00000,0x00000000ebb00000,0x00000000ed600000)
 ParOldGen       total 210432K, used 49868K [0x00000000a0000000, 0x00000000acd80000, 0x00000000e0000000)
  object space 210432K, 23% used [0x00000000a0000000,0x00000000a30b3088,0x00000000acd80000)
 Metaspace       used 93319K, capacity 98016K, committed 98600K, reserved 1134592K
  class space    used 11993K, capacity 12875K, committed 13096K, reserved 1048576K
}
Event: 3578.529 GC heap before
{Heap before GC invocations=30 (full 4):
 PSYoungGen      total 178688K, used 163840K [0x00000000e0000000, 0x00000000ed600000, 0x0000000100000000)
  eden space 163840K, 100% used [0x00000000e0000000,0x00000000ea000000,0x00000000ea000000)
  from space 14848K, 0% used [0x00000000ea500000,0x00000000ea500000,0x00000000eb380000)
  to   space 27648K, 0% used [0x00000000ebb00000,0x00000000ebb00000,0x00000000ed600000)
 ParOldGen       total 210432K, used 49868K [0x00000000a0000000, 0x00000000acd80000, 0x00000000e0000000)
  object space 210432K, 23% used [0x00000000a0000000,0x00000000a30b3088,0x00000000acd80000)
 Metaspace       used 93379K, capacity 98156K, committed 98856K, reserved 1134592K
  class space    used 11994K, capacity 12877K, committed 13096K, reserved 1048576K
Event: 3578.561 GC heap after
Heap after GC invocations=30 (full 4):
 PSYoungGen      total 192000K, used 16977K [0x00000000e0000000, 0x00000000ed680000, 0x0000000100000000)
  eden space 164352K, 0% used [0x00000000e0000000,0x00000000e0000000,0x00000000ea080000)
  from space 27648K, 61% used [0x00000000ebb00000,0x00000000ecb946f0,0x00000000ed600000)
  to   space 27136K, 0% used [0x00000000ea080000,0x00000000ea080000,0x00000000ebb00000)
 ParOldGen       total 210432K, used 49876K [0x00000000a0000000, 0x00000000acd80000, 0x00000000e0000000)
  object space 210432K, 23% used [0x00000000a0000000,0x00000000a30b5088,0x00000000acd80000)
 Metaspace       used 93379K, capacity 98156K, committed 98856K, reserved 1134592K
  class space    used 11994K, capacity 12877K, committed 13096K, reserved 1048576K
}

